<?xml version="1.0" encoding="UTF-8"?>
<testsuite xmlns:xsi="http://www.w3.org/2001/XMLSchema-instance" xsi:noNamespaceSchemaLocation="https://maven.apache.org/surefire/maven-surefire-plugin/xsd/surefire-test-report-3.0.xsd" version="3.0" name="TestSuite" time="2.427" tests="1" errors="0" skipped="0" failures="0">
  <properties>
    <property name="awt.toolkit" value="sun.awt.X11.XToolkit"/>
    <property name="java.specification.version" value="11"/>
    <property name="sun.cpu.isalist" value=""/>
    <property name="sun.jnu.encoding" value="UTF-8"/>
    <property name="java.class.path" value="/home/varshabari05gma/eclipse-workspace/Jun24/RestAssured/target/test-classes:/home/varshabari05gma/eclipse-workspace/Jun24/RestAssured/target/classes:/home/varshabari05gma/.m2/repository/junit/junit/3.8.1/junit-3.8.1.jar:/home/varshabari05gma/.m2/repository/org/testng/testng/6.14.3/testng-6.14.3.jar:/home/varshabari05gma/.m2/repository/com/beust/jcommander/1.72/jcommander-1.72.jar:/home/varshabari05gma/.m2/repository/org/apache-extras/beanshell/bsh/2.0b6/bsh-2.0b6.jar:/home/varshabari05gma/.m2/repository/io/rest-assured/rest-assured/4.3.1/rest-assured-4.3.1.jar:/home/varshabari05gma/.m2/repository/org/codehaus/groovy/groovy/3.0.3/groovy-3.0.3.jar:/home/varshabari05gma/.m2/repository/org/codehaus/groovy/groovy-xml/3.0.3/groovy-xml-3.0.3.jar:/home/varshabari05gma/.m2/repository/org/apache/httpcomponents/httpclient/4.5.3/httpclient-4.5.3.jar:/home/varshabari05gma/.m2/repository/org/apache/httpcomponents/httpcore/4.4.6/httpcore-4.4.6.jar:/home/varshabari05gma/.m2/repository/commons-logging/commons-logging/1.2/commons-logging-1.2.jar:/home/varshabari05gma/.m2/repository/commons-codec/commons-codec/1.9/commons-codec-1.9.jar:/home/varshabari05gma/.m2/repository/org/apache/httpcomponents/httpmime/4.5.3/httpmime-4.5.3.jar:/home/varshabari05gma/.m2/repository/org/hamcrest/hamcrest/2.1/hamcrest-2.1.jar:/home/varshabari05gma/.m2/repository/org/ccil/cowan/tagsoup/tagsoup/1.2.1/tagsoup-1.2.1.jar:/home/varshabari05gma/.m2/repository/io/rest-assured/xml-path/4.3.1/xml-path-4.3.1.jar:/home/varshabari05gma/.m2/repository/org/apache/commons/commons-lang3/3.4/commons-lang3-3.4.jar:/home/varshabari05gma/.m2/repository/jakarta/xml/bind/jakarta.xml.bind-api/2.3.3/jakarta.xml.bind-api-2.3.3.jar:/home/varshabari05gma/.m2/repository/jakarta/activation/jakarta.activation-api/1.2.2/jakarta.activation-api-1.2.2.jar:/home/varshabari05gma/.m2/repository/com/sun/xml/bind/jaxb-impl/2.3.3/jaxb-impl-2.3.3.jar:/home/varshabari05gma/.m2/repository/io/rest-assured/json-path/4.3.1/json-path-4.3.1.jar:/home/varshabari05gma/.m2/repository/org/codehaus/groovy/groovy-json/3.0.3/groovy-json-3.0.3.jar:/home/varshabari05gma/.m2/repository/io/rest-assured/rest-assured-common/4.3.1/rest-assured-common-4.3.1.jar:/home/varshabari05gma/.m2/repository/io/rest-assured/json-schema-validator/4.3.1/json-schema-validator-4.3.1.jar:/home/varshabari05gma/.m2/repository/com/github/java-json-tools/json-schema-validator/2.2.10/json-schema-validator-2.2.10.jar:/home/varshabari05gma/.m2/repository/com/github/java-json-tools/json-schema-core/1.2.10/json-schema-core-1.2.10.jar:/home/varshabari05gma/.m2/repository/com/github/java-json-tools/jackson-coreutils/1.9/jackson-coreutils-1.9.jar:/home/varshabari05gma/.m2/repository/com/fasterxml/jackson/core/jackson-databind/2.2.3/jackson-databind-2.2.3.jar:/home/varshabari05gma/.m2/repository/com/fasterxml/jackson/core/jackson-annotations/2.2.3/jackson-annotations-2.2.3.jar:/home/varshabari05gma/.m2/repository/com/fasterxml/jackson/core/jackson-core/2.2.3/jackson-core-2.2.3.jar:/home/varshabari05gma/.m2/repository/com/google/guava/guava/16.0.1/guava-16.0.1.jar:/home/varshabari05gma/.m2/repository/com/github/fge/msg-simple/1.1/msg-simple-1.1.jar:/home/varshabari05gma/.m2/repository/com/github/fge/btf/1.2/btf-1.2.jar:/home/varshabari05gma/.m2/repository/com/github/fge/uri-template/0.9/uri-template-0.9.jar:/home/varshabari05gma/.m2/repository/org/mozilla/rhino/1.7.7.1/rhino-1.7.7.1.jar:/home/varshabari05gma/.m2/repository/javax/mail/mailapi/1.4.3/mailapi-1.4.3.jar:/home/varshabari05gma/.m2/repository/javax/activation/activation/1.1/activation-1.1.jar:/home/varshabari05gma/.m2/repository/joda-time/joda-time/2.9.7/joda-time-2.9.7.jar:/home/varshabari05gma/.m2/repository/com/googlecode/libphonenumber/libphonenumber/8.0.0/libphonenumber-8.0.0.jar:/home/varshabari05gma/.m2/repository/com/google/code/findbugs/jsr305/3.0.1/jsr305-3.0.1.jar:/home/varshabari05gma/.m2/repository/net/sf/jopt-simple/jopt-simple/5.0.3/jopt-simple-5.0.3.jar:/home/varshabari05gma/.m2/repository/org/json/json/20210307/json-20210307.jar:/home/varshabari05gma/.m2/repository/com/google/code/gson/gson/2.10.1/gson-2.10.1.jar:"/>
    <property name="java.vm.vendor" value="Ubuntu"/>
    <property name="sun.arch.data.model" value="64"/>
    <property name="java.vendor.url" value="https://ubuntu.com/"/>
    <property name="user.timezone" value="Etc/UTC"/>
    <property name="java.vm.specification.version" value="11"/>
    <property name="os.name" value="Linux"/>
    <property name="sun.java.launcher" value="SUN_STANDARD"/>
    <property name="sun.boot.library.path" value="/usr/lib/jvm/java-11-openjdk-amd64/lib"/>
    <property name="sun.java.command" value="/home/varshabari05gma/eclipse-workspace/Jun24/RestAssured/target/surefire/surefirebooter14636905533368951673.jar /home/varshabari05gma/eclipse-workspace/Jun24/RestAssured/target/surefire 2024-09-15T17-14-01_868-jvmRun1 surefire14791116196515132867tmp surefire_07838105186695687876tmp"/>
    <property name="jdk.debug" value="release"/>
    <property name="surefire.test.class.path" value="/home/varshabari05gma/eclipse-workspace/Jun24/RestAssured/target/test-classes:/home/varshabari05gma/eclipse-workspace/Jun24/RestAssured/target/classes:/home/varshabari05gma/.m2/repository/junit/junit/3.8.1/junit-3.8.1.jar:/home/varshabari05gma/.m2/repository/org/testng/testng/6.14.3/testng-6.14.3.jar:/home/varshabari05gma/.m2/repository/com/beust/jcommander/1.72/jcommander-1.72.jar:/home/varshabari05gma/.m2/repository/org/apache-extras/beanshell/bsh/2.0b6/bsh-2.0b6.jar:/home/varshabari05gma/.m2/repository/io/rest-assured/rest-assured/4.3.1/rest-assured-4.3.1.jar:/home/varshabari05gma/.m2/repository/org/codehaus/groovy/groovy/3.0.3/groovy-3.0.3.jar:/home/varshabari05gma/.m2/repository/org/codehaus/groovy/groovy-xml/3.0.3/groovy-xml-3.0.3.jar:/home/varshabari05gma/.m2/repository/org/apache/httpcomponents/httpclient/4.5.3/httpclient-4.5.3.jar:/home/varshabari05gma/.m2/repository/org/apache/httpcomponents/httpcore/4.4.6/httpcore-4.4.6.jar:/home/varshabari05gma/.m2/repository/commons-logging/commons-logging/1.2/commons-logging-1.2.jar:/home/varshabari05gma/.m2/repository/commons-codec/commons-codec/1.9/commons-codec-1.9.jar:/home/varshabari05gma/.m2/repository/org/apache/httpcomponents/httpmime/4.5.3/httpmime-4.5.3.jar:/home/varshabari05gma/.m2/repository/org/hamcrest/hamcrest/2.1/hamcrest-2.1.jar:/home/varshabari05gma/.m2/repository/org/ccil/cowan/tagsoup/tagsoup/1.2.1/tagsoup-1.2.1.jar:/home/varshabari05gma/.m2/repository/io/rest-assured/xml-path/4.3.1/xml-path-4.3.1.jar:/home/varshabari05gma/.m2/repository/org/apache/commons/commons-lang3/3.4/commons-lang3-3.4.jar:/home/varshabari05gma/.m2/repository/jakarta/xml/bind/jakarta.xml.bind-api/2.3.3/jakarta.xml.bind-api-2.3.3.jar:/home/varshabari05gma/.m2/repository/jakarta/activation/jakarta.activation-api/1.2.2/jakarta.activation-api-1.2.2.jar:/home/varshabari05gma/.m2/repository/com/sun/xml/bind/jaxb-impl/2.3.3/jaxb-impl-2.3.3.jar:/home/varshabari05gma/.m2/repository/io/rest-assured/json-path/4.3.1/json-path-4.3.1.jar:/home/varshabari05gma/.m2/repository/org/codehaus/groovy/groovy-json/3.0.3/groovy-json-3.0.3.jar:/home/varshabari05gma/.m2/repository/io/rest-assured/rest-assured-common/4.3.1/rest-assured-common-4.3.1.jar:/home/varshabari05gma/.m2/repository/io/rest-assured/json-schema-validator/4.3.1/json-schema-validator-4.3.1.jar:/home/varshabari05gma/.m2/repository/com/github/java-json-tools/json-schema-validator/2.2.10/json-schema-validator-2.2.10.jar:/home/varshabari05gma/.m2/repository/com/github/java-json-tools/json-schema-core/1.2.10/json-schema-core-1.2.10.jar:/home/varshabari05gma/.m2/repository/com/github/java-json-tools/jackson-coreutils/1.9/jackson-coreutils-1.9.jar:/home/varshabari05gma/.m2/repository/com/fasterxml/jackson/core/jackson-databind/2.2.3/jackson-databind-2.2.3.jar:/home/varshabari05gma/.m2/repository/com/fasterxml/jackson/core/jackson-annotations/2.2.3/jackson-annotations-2.2.3.jar:/home/varshabari05gma/.m2/repository/com/fasterxml/jackson/core/jackson-core/2.2.3/jackson-core-2.2.3.jar:/home/varshabari05gma/.m2/repository/com/google/guava/guava/16.0.1/guava-16.0.1.jar:/home/varshabari05gma/.m2/repository/com/github/fge/msg-simple/1.1/msg-simple-1.1.jar:/home/varshabari05gma/.m2/repository/com/github/fge/btf/1.2/btf-1.2.jar:/home/varshabari05gma/.m2/repository/com/github/fge/uri-template/0.9/uri-template-0.9.jar:/home/varshabari05gma/.m2/repository/org/mozilla/rhino/1.7.7.1/rhino-1.7.7.1.jar:/home/varshabari05gma/.m2/repository/javax/mail/mailapi/1.4.3/mailapi-1.4.3.jar:/home/varshabari05gma/.m2/repository/javax/activation/activation/1.1/activation-1.1.jar:/home/varshabari05gma/.m2/repository/joda-time/joda-time/2.9.7/joda-time-2.9.7.jar:/home/varshabari05gma/.m2/repository/com/googlecode/libphonenumber/libphonenumber/8.0.0/libphonenumber-8.0.0.jar:/home/varshabari05gma/.m2/repository/com/google/code/findbugs/jsr305/3.0.1/jsr305-3.0.1.jar:/home/varshabari05gma/.m2/repository/net/sf/jopt-simple/jopt-simple/5.0.3/jopt-simple-5.0.3.jar:/home/varshabari05gma/.m2/repository/org/json/json/20210307/json-20210307.jar:/home/varshabari05gma/.m2/repository/com/google/code/gson/gson/2.10.1/gson-2.10.1.jar:"/>
    <property name="sun.cpu.endian" value="little"/>
    <property name="user.home" value="/home/varshabari05gma"/>
    <property name="user.language" value="en"/>
    <property name="java.specification.vendor" value="Oracle Corporation"/>
    <property name="java.version.date" value="2024-07-16"/>
    <property name="java.home" value="/usr/lib/jvm/java-11-openjdk-amd64"/>
    <property name="file.separator" value="/"/>
    <property name="basedir" value="/home/varshabari05gma/eclipse-workspace/Jun24/RestAssured"/>
    <property name="java.vm.compressedOopsMode" value="Zero based"/>
    <property name="line.separator" value="&#10;"/>
    <property name="java.specification.name" value="Java Platform API Specification"/>
    <property name="java.vm.specification.vendor" value="Oracle Corporation"/>
    <property name="java.awt.graphicsenv" value="sun.awt.X11GraphicsEnvironment"/>
    <property name="surefire.real.class.path" value="/home/varshabari05gma/eclipse-workspace/Jun24/RestAssured/target/surefire/surefirebooter14636905533368951673.jar"/>
    <property name="sun.management.compiler" value="HotSpot 64-Bit Tiered Compilers"/>
    <property name="java.runtime.version" value="11.0.24+8-post-Ubuntu-1ubuntu320.04"/>
    <property name="user.name" value="varshabari05gma"/>
    <property name="path.separator" value=":"/>
    <property name="os.version" value="5.15.0-1069-aws"/>
    <property name="java.runtime.name" value="OpenJDK Runtime Environment"/>
    <property name="file.encoding" value="UTF-8"/>
    <property name="java.vm.name" value="OpenJDK 64-Bit Server VM"/>
    <property name="localRepository" value="/home/varshabari05gma/.m2/repository"/>
    <property name="java.vendor.url.bug" value="https://bugs.launchpad.net/ubuntu/+source/openjdk-lts"/>
    <property name="java.io.tmpdir" value="/tmp"/>
    <property name="java.version" value="11.0.24"/>
    <property name="user.dir" value="/home/varshabari05gma/eclipse-workspace/Jun24/RestAssured"/>
    <property name="os.arch" value="amd64"/>
    <property name="java.vm.specification.name" value="Java Virtual Machine Specification"/>
    <property name="java.awt.printerjob" value="sun.print.PSPrinterJob"/>
    <property name="sun.os.patch.level" value="unknown"/>
    <property name="java.library.path" value="/usr/java/packages/lib:/usr/lib/x86_64-linux-gnu/jni:/lib/x86_64-linux-gnu:/usr/lib/x86_64-linux-gnu:/usr/lib/jni:/lib:/usr/lib"/>
    <property name="java.vm.info" value="mixed mode, sharing"/>
    <property name="java.vendor" value="Ubuntu"/>
    <property name="java.vm.version" value="11.0.24+8-post-Ubuntu-1ubuntu320.04"/>
    <property name="java.specification.maintenance.version" value="2"/>
    <property name="sun.io.unicode.encoding" value="UnicodeLittle"/>
    <property name="java.class.version" value="55.0"/>
  </properties>
  <testcase name="test1" classname="apiChaining.ChainingExample" time="1.736">
    <system-out><![CDATA[[TestNGContentHandler] [WARN] It is strongly recommended to add "<!DOCTYPE suite SYSTEM "http://testng.org/testng-1.0.dtd" >" at the top of your file, otherwise TestNG may fail or not work as expected.
{
  "uuid": "38bbe979-f3cd-4078-8005-ad97a3ccbc4d"
}

200
38bbe979-f3cd-4078-8005-ad97a3ccbc4d
JSON file updated successfully.
The response code is 200
The response body is {
  "args": {}, 
  "data": "{\"orderId\":\"38bbe979-f3cd-4078-8005-ad97a3ccbc4d\",\"products\":[{\"quantity\":20,\"productId\":3000},{\"quantity\":10,\"productId\":2000}]}", 
  "files": {}, 
  "form": {}, 
  "headers": {
    "Accept": "application/json, application/javascript, text/javascript, text/json", 
    "Accept-Encoding": "gzip,deflate", 
    "Content-Length": "129", 
    "Content-Type": "application/json; charset=UTF-8", 
    "Host": "httpbin.org", 
    "User-Agent": "Apache-HttpClient/4.5.3 (Java/11.0.24)", 
    "X-Amzn-Trace-Id": "Root=1-66e715dd-38f33ba91852145b5909d39a"
  }, 
  "json": {
    "orderId": "38bbe979-f3cd-4078-8005-ad97a3ccbc4d", 
    "products": [
      {
        "productId": 3000, 
        "quantity": 20
      }, 
      {
        "productId": 2000, 
        "quantity": 10
      }
    ]
  }, 
  "origin": "3.87.95.110", 
  "url": "http://httpbin.org/post"
}

]]></system-out>
  </testcase>
</testsuite>