<?xml version="1.0" encoding="UTF-8"?>
<!-- Generated by org.testng.reporters.JUnitReportReporter -->
<testsuite hostname="ip-172-31-25-243" failures="0" tests="1" name="restAPI.PostRequestWithFile" time="1.248" errors="0" timestamp="15 Sep 2024 14:07:02 GMT" skipped="0">
  <testcase classname="restAPI.PostRequestWithFile" name="test1" time="1.248"/>
</testsuite> <!-- restAPI.PostRequestWithFile -->
