<?xml version="1.0" encoding="UTF-8"?>
<!-- Generated by org.testng.reporters.JUnitReportReporter -->
<testsuite hostname="ip-172-31-25-243" failures="0" tests="1" name="restAPI.DeleteReuest" time="1.434" errors="0" timestamp="22 Sep 2024 14:59:21 GMT" skipped="0">
  <testcase classname="restAPI.DeleteReuest" name="test" time="1.434"/>
</testsuite> <!-- restAPI.DeleteReuest -->
