<?xml version="1.0" encoding="UTF-8"?>
<!-- Generated by org.testng.reporters.JUnitReportReporter -->
<testsuite hostname="ip-172-31-25-243" failures="0" tests="1" name="restAPI.GetRequestWithQueryParam" time="1.610" errors="0" timestamp="15 Sep 2024 14:24:54 GMT" skipped="0">
  <testcase classname="restAPI.GetRequestWithQueryParam" name="test1" time="1.610"/>
</testsuite> <!-- restAPI.GetRequestWithQueryParam -->
