<?xml version="1.0" encoding="UTF-8"?>
<!-- Generated by org.testng.reporters.JUnitReportReporter -->
<testsuite hostname="ip-172-31-25-243" failures="0" tests="1" name="apiAuth.CreateTokenExample" time="2.283" errors="0" timestamp="21 Sep 2024 16:51:10 GMT" skipped="0">
  <testcase classname="apiAuth.CreateTokenExample" name="test1" time="2.283"/>
</testsuite> <!-- apiAuth.CreateTokenExample -->
