<?xml version="1.0" encoding="UTF-8"?>
<!-- Generated by org.testng.reporters.JUnitReportReporter -->
<testsuite hostname="ip-172-31-25-243" failures="0" tests="1" name="apiAuth.BasicAuthExample" time="1.157" errors="0" timestamp="15 Sep 2024 15:11:19 GMT" skipped="0">
  <testcase classname="apiAuth.BasicAuthExample" name="test1" time="1.157"/>
</testsuite> <!-- apiAuth.BasicAuthExample -->
