<?xml version="1.0" encoding="UTF-8"?>
<!-- Generated by org.testng.reporters.JUnitReportReporter -->
<testsuite hostname="ip-172-31-25-243" failures="0" tests="1" name="apiChaining.ChainingExample" time="1.809" errors="0" timestamp="15 Sep 2024 16:59:22 GMT" skipped="0">
  <testcase classname="apiChaining.ChainingExample" name="test1" time="1.809"/>
</testsuite> <!-- apiChaining.ChainingExample -->
