<?xml version="1.0" encoding="UTF-8"?>
<!-- Generated by org.testng.reporters.JUnitReportReporter -->
<testsuite hostname="ip-172-31-25-243" failures="0" tests="1" name="restAPIBDD.PostRequest" time="1.799" errors="0" timestamp="21 Sep 2024 15:31:40 GMT" skipped="0">
  <testcase classname="restAPIBDD.PostRequest" name="Test1" time="1.799"/>
</testsuite> <!-- restAPIBDD.PostRequest -->
