<?xml version="1.0" encoding="UTF-8"?>
<!-- Generated by org.testng.reporters.JUnitReportReporter -->
<testsuite hostname="ip-172-31-25-243" failures="0" tests="1" name="restAPIXml.XMLExample" time="3.102" errors="0" timestamp="15 Sep 2024 14:55:36 GMT" skipped="0">
  <testcase classname="restAPIXml.XMLExample" name="test1" time="3.102"/>
</testsuite> <!-- restAPIXml.XMLExample -->
