<?xml version="1.0" encoding="UTF-8"?>
<!-- Generated by org.testng.reporters.JUnitReportReporter -->
<testsuite hostname="ip-172-31-25-243" failures="0" tests="1" name="restAPIBDD.GetRequest" time="1.940" errors="0" timestamp="21 Sep 2024 14:52:44 GMT" skipped="0">
  <testcase classname="restAPIBDD.GetRequest" name="TestUsingResponseObject" time="1.940"/>
</testsuite> <!-- restAPIBDD.GetRequest -->
