<?xml version="1.0" encoding="UTF-8"?>
<!-- Generated by org.testng.reporters.JUnitReportReporter -->
<testsuite hostname="ip-172-31-25-243" failures="0" tests="1" name="restAPI.GetRequest" time="1.333" errors="0" timestamp="14 Sep 2024 15:13:37 GMT" skipped="0">
  <testcase classname="restAPI.GetRequest" name="test1" time="1.333"/>
</testsuite> <!-- restAPI.GetRequest -->
