<?xml version="1.0" encoding="UTF-8"?>
<!-- Generated by org.testng.reporters.JUnitReportReporter -->
<testsuite hostname="ip-172-31-25-243" failures="0" tests="1" name="apiAuth.BearerTokenExample" time="1.897" errors="0" timestamp="15 Sep 2024 15:32:19 GMT" skipped="0">
  <testcase classname="apiAuth.BearerTokenExample" name="test1" time="1.897"/>
</testsuite> <!-- apiAuth.BearerTokenExample -->
