<?xml version="1.0" encoding="UTF-8"?>
<!-- Generated by org.testng.reporters.JUnitReportReporter -->
<testsuite hostname="ip-172-31-25-243" failures="0" tests="1" name="restAPI.postRequest" time="1.330" errors="0" timestamp="14 Sep 2024 16:58:12 GMT" skipped="0">
  <testcase classname="restAPI.postRequest" name="test1" time="1.330"/>
</testsuite> <!-- restAPI.postRequest -->
